<?xml version="1.0" encoding="UTF-8"?>
<!-- Generated by org.testng.reporters.JUnitXMLReporter -->
<testsuite ignored="0" hostname="DESKTOP-BPNON4T" failures="0" tests="3" name="FB Title Testing" time="24.159" errors="0" timestamp="16 Jul 2020 19:24:39 GMT">
  <testcase classname="com.testNg.FBTestVerbose" name="FBTitleTest" time="0.026"/>
  <testcase classname="com.testNg.FBTestVerbose" name="FBTitleTest1" time="0.012"/>
  <testcase classname="com.testNg.FBTestVerbose" name="FBTitleTest2" time="0.012"/>
</testsuite> <!-- FB Title Testing -->
