<?xml version="1.0" encoding="UTF-8"?>
<!-- Generated by org.testng.reporters.JUnitXMLReporter -->
<testsuite ignored="0" hostname="DESKTOP-BPNON4T" failures="1" tests="7" name="RetryMultipleFailedTestCases" time="0.113" errors="0" timestamp="20 Jul 2020 14:56:33 GMT">
  <testcase classname="com.testNg.TestNgFeatures" name="homePageTest" time="0.014"/>
  <testcase classname="com.testNg.TestNgFeatures" name="loginTest" time="0.005">
    <skipped/>
  </testcase> <!-- loginTest -->
  <testcase classname="com.testNg.TestNgFeatures" name="loginTest" time="0.006">
    <skipped/>
  </testcase> <!-- loginTest -->
  <testcase classname="com.testNg.TestNgFeatures" name="loginTest" time="0.004">
    <skipped/>
  </testcase> <!-- loginTest -->
  <testcase classname="com.testNg.TestNgFeatures" name="loginTest" time="0.003">
    <skipped/>
  </testcase> <!-- loginTest -->
  <testcase classname="com.testNg.TestNgFeatures" name="loginTest" time="0.007">
    <skipped/>
  </testcase> <!-- loginTest -->
  <testcase classname="com.testNg.TestNgFeatures" name="loginTest" time="0.004">
    <failure type="java.lang.ArithmeticException" message="/ by zero">
      <![CDATA[java.lang.ArithmeticException: / by zero
at com.testNg.TestNgFeatures.loginTest(TestNgFeatures.java:10)
... Removed 25 stack frames]]>
    </failure>
  </testcase> <!-- loginTest -->
</testsuite> <!-- RetryMultipleFailedTestCases -->
