<?xml version="1.0" encoding="UTF-8"?>
<!-- Generated by org.testng.reporters.JUnitXMLReporter -->
<testsuite ignored="0" hostname="DESKTOP-BPNON4T" failures="1" tests="4" name="Test" time="0.047" errors="0" timestamp="29 Jun 2020 18:47:13 GMT">
  <testcase classname="com.testNg.TestNgBasics" name="googleTestLogo" time="0.015"/>
  <testcase classname="com.testNg.TestNgBasics" name="googleTitle" time="0.0"/>
  <testcase classname="com.testNg.TestNgBasics" name="searchTest" time="0.0"/>
  <testcase classname="com.testNg.TestNgFeatures" name="loginTest" time="0.0">
    <failure type="java.lang.ArithmeticException" message="/ by zero">
      <![CDATA[java.lang.ArithmeticException: / by zero
at com.testNg.TestNgFeatures.loginTest(TestNgFeatures.java:10)
... Removed 25 stack frames]]>
    </failure>
  </testcase> <!-- loginTest -->
</testsuite> <!-- Test -->
