<?xml version="1.0" encoding="UTF-8"?>
<!-- Generated by org.testng.reporters.JUnitXMLReporter -->
<testsuite ignored="0" hostname="DESKTOP-BPNON4T" failures="0" tests="9" name="CRM App Test" time="103.276" errors="0" timestamp="10 Jul 2020 15:59:58 GMT">
  <testcase classname="com.testNg.ParameterTest" name="crmLoginTest" time="3.475"/>
  <testcase classname="com.testNg.SouthallTravelTest" name="getTitle" time="0.016"/>
  <testcase classname="com.testNg.SouthallTravelTest" name="selectTicket" time="4.612"/>
  <testcase classname="com.testNg.SouthallTravelTest" name="selectDeparturedate" time="0.823"/>
  <testcase classname="com.testNg.SouthallTravelTest" name="selectArrivalDate" time="0.918"/>
  <testcase classname="com.testNg.SouthallTravelTest" name="mouseMovement" time="3.401"/>
  <testcase classname="com.testNg.SouthallTravelTest" name="selectAirline" time="2.314"/>
  <testcase classname="com.testNg.SouthallTravelTest" name="selectCabinClass" time="2.224"/>
  <testcase classname="com.testNg.SouthallTravelTest" name="clickOnSearch" time="2.216"/>
</testsuite> <!-- CRM App Test -->
