<?xml version="1.0" encoding="UTF-8"?>
<!-- Generated by org.testng.reporters.JUnitXMLReporter -->
<testsuite ignored="0" hostname="DESKTOP-BPNON4T" failures="0" tests="9" name="CRM App Test" time="131.778" errors="0" timestamp="14 Jul 2020 13:20:13 GMT">
  <testcase classname="com.exceldatadriver.test.ParameterTestUsingXMLFile" name="crmLoginTest" time="3.855"/>
  <testcase classname="com.testNg.SouthallTravelTest" name="getTitle" time="0.012"/>
  <testcase classname="com.testNg.SouthallTravelTest" name="selectTicket" time="4.656"/>
  <testcase classname="com.testNg.SouthallTravelTest" name="selectDeparturedate" time="0.727"/>
  <testcase classname="com.testNg.SouthallTravelTest" name="selectArrivalDate" time="0.722"/>
  <testcase classname="com.testNg.SouthallTravelTest" name="mouseMovement" time="3.47"/>
  <testcase classname="com.testNg.SouthallTravelTest" name="selectAirline" time="2.183"/>
  <testcase classname="com.testNg.SouthallTravelTest" name="selectCabinClass" time="2.186"/>
  <testcase classname="com.testNg.SouthallTravelTest" name="clickOnSearch" time="2.205"/>
</testsuite> <!-- CRM App Test -->
