<?xml version="1.0" encoding="UTF-8"?>
<!-- Generated by org.testng.reporters.JUnitXMLReporter -->
<testsuite ignored="0" hostname="DESKTOP-BPNON4T" failures="1" tests="4" name="Testng feature test" time="0.065" errors="0" timestamp="29 Jun 2020 18:28:27 GMT">
  <testcase classname="TestNg.TestNgBasics" name="googleTestLogo" time="0.0"/>
  <testcase classname="TestNg.TestNgBasics" name="googleTitle" time="0.0"/>
  <testcase classname="TestNg.TestNgBasics" name="searchTest" time="0.0"/>
  <testcase classname="TestNg.TestNgFeatures" name="loginTest" time="0.016">
    <failure type="java.lang.ArithmeticException" message="/ by zero">
      <![CDATA[java.lang.ArithmeticException: / by zero
at TestNg.TestNgFeatures.loginTest(TestNgFeatures.java:10)
... Removed 25 stack frames]]>
    </failure>
  </testcase> <!-- loginTest -->
</testsuite> <!-- Testng feature test -->
